# JRE version: OpenJDK Runtime Environment Microsoft-8035246 (17.0.8+7) (build 17.0.8+7-LTS)
# Java VM: OpenJDK 64-Bit Server VM Microsoft-8035246 (17.0.8+7-LTS, mixed mode, sharing, tiered, compressed oops, compressed class ptrs, g1 gc, windows-amd64)
GC Precious Log:
 CPUs: 4 total, 4 available
 Memory: 7834M
 Large Page Support: Disabled
 NUMA Support: Disabled
 Compressed Oops: Enabled (32-bit)
 Heap Region Size: 1M
 Heap Min Capacity: 8M
 Heap Initial Capacity: 124M
 Heap Max Capacity: 2G
 Pre-touch: Disabled
 Parallel Workers: 4
 Concurrent Workers: 1
 Concurrent Refinement Workers: 4
 Periodic GC: Disabled
Heap:
 garbage-first heap   total 361472K, used 248736K [0x0000000080000000, 0x0000000100000000)
  region size 1024K, 76 young (77824K), 11 survivors (11264K)
 Metaspace       used 106906K, committed 107968K, reserved 557056K
  class space    used 14704K, committed 15168K, reserved 425984K
GC Heap History (20 events):
Event: 17.914 GC heap before
{Heap before GC invocations=43 (full 0):
 garbage-first heap   total 178176K, used 96596K [0x0000000080000000, 0x0000000100000000)
  region size 1024K, 8 young (8192K), 5 survivors (5120K)
 Metaspace       used 85865K, committed 86592K, reserved 557056K
  class space    used 11917K, committed 12288K, reserved 425984K
}
Event: 17.918 GC heap after
{Heap after GC invocations=44 (full 0):
 garbage-first heap   total 178176K, used 93949K [0x0000000080000000, 0x0000000100000000)
  region size 1024K, 1 young (1024K), 1 survivors (1024K)
 Metaspace       used 85865K, committed 86592K, reserved 557056K
  class space    used 11917K, committed 12288K, reserved 425984K
}
Event: 18.437 GC heap before
{Heap before GC invocations=44 (full 0):
 garbage-first heap   total 178176K, used 141053K [0x0000000080000000, 0x0000000100000000)
  region size 1024K, 47 young (48128K), 1 survivors (1024K)
 Metaspace       used 89072K, committed 89856K, reserved 557056K
  class space    used 12495K, committed 12864K, reserved 425984K
}
Event: 18.440 GC heap after
{Heap after GC invocations=45 (full 0):
 garbage-first heap   total 178176K, used 95057K [0x0000000080000000, 0x0000000100000000)
  region size 1024K, 2 young (2048K), 2 survivors (2048K)
 Metaspace       used 89072K, committed 89856K, reserved 557056K
  class space    used 12495K, committed 12864K, reserved 425984K
}
Event: 19.014 GC heap before
{Heap before GC invocations=46 (full 0):
 garbage-first heap   total 178176K, used 143185K [0x0000000080000000, 0x0000000100000000)
  region size 1024K, 49 young (50176K), 2 survivors (2048K)
 Metaspace       used 91280K, committed 92160K, reserved 557056K
  class space    used 12818K, committed 13248K, reserved 425984K
}
Event: 19.020 GC heap after
{Heap after GC invocations=47 (full 0):
 garbage-first heap   total 178176K, used 100187K [0x0000000080000000, 0x0000000100000000)
  region size 1024K, 7 young (7168K), 7 survivors (7168K)
 Metaspace       used 91280K, committed 92160K, reserved 557056K
  class space    used 12818K, committed 13248K, reserved 425984K
}
Event: 19.714 GC heap before
{Heap before GC invocations=47 (full 0):
 garbage-first heap   total 178176K, used 148315K [0x0000000080000000, 0x0000000100000000)
  region size 1024K, 50 young (51200K), 7 survivors (7168K)
 Metaspace       used 92246K, committed 93120K, reserved 557056K
  class space    used 12964K, committed 13376K, reserved 425984K
}
Event: 19.726 GC heap after
{Heap after GC invocations=48 (full 0):
 garbage-first heap   total 361472K, used 114115K [0x0000000080000000, 0x0000000100000000)
  region size 1024K, 7 young (7168K), 7 survivors (7168K)
 Metaspace       used 92246K, committed 93120K, reserved 557056K
  class space    used 12964K, committed 13376K, reserved 425984K
}
Event: 21.844 GC heap before
{Heap before GC invocations=48 (full 0):
 garbage-first heap   total 361472K, used 276931K [0x0000000080000000, 0x0000000100000000)
  region size 1024K, 164 young (167936K), 7 survivors (7168K)
 Metaspace       used 99666K, committed 100608K, reserved 557056K
  class space    used 13945K, committed 14400K, reserved 425984K
}
Event: 21.877 GC heap after
{Heap after GC invocations=49 (full 0):
 garbage-first heap   total 361472K, used 138878K [0x0000000080000000, 0x0000000100000000)
  region size 1024K, 21 young (21504K), 21 survivors (21504K)
 Metaspace       used 99666K, committed 100608K, reserved 557056K
  class space    used 13945K, committed 14400K, reserved 425984K
}
Event: 23.643 GC heap before
{Heap before GC invocations=49 (full 0):
 garbage-first heap   total 361472K, used 264830K [0x0000000080000000, 0x0000000100000000)
  region size 1024K, 145 young (148480K), 21 survivors (21504K)
 Metaspace       used 102489K, committed 103488K, reserved 557056K
  class space    used 14259K, committed 14720K, reserved 425984K
}
Event: 23.687 GC heap after
{Heap after GC invocations=50 (full 0):
 garbage-first heap   total 361472K, used 151631K [0x0000000080000000, 0x0000000100000000)
  region size 1024K, 12 young (12288K), 12 survivors (12288K)
 Metaspace       used 102489K, committed 103488K, reserved 557056K
  class space    used 14259K, committed 14720K, reserved 425984K
}
Event: 24.963 GC heap before
{Heap before GC invocations=50 (full 0):
 garbage-first heap   total 361472K, used 277583K [0x0000000080000000, 0x0000000100000000)
  region size 1024K, 132 young (135168K), 12 survivors (12288K)
 Metaspace       used 102971K, committed 104064K, reserved 557056K
  class space    used 14320K, committed 14848K, reserved 425984K
}
Event: 24.990 GC heap after
{Heap after GC invocations=51 (full 0):
 garbage-first heap   total 361472K, used 162229K [0x0000000080000000, 0x0000000100000000)
  region size 1024K, 11 young (11264K), 11 survivors (11264K)
 Metaspace       used 102971K, committed 104064K, reserved 557056K
  class space    used 14320K, committed 14848K, reserved 425984K
}
Event: 26.052 GC heap before
{Heap before GC invocations=51 (full 0):
 garbage-first heap   total 361472K, used 306613K [0x0000000080000000, 0x0000000100000000)
  region size 1024K, 129 young (132096K), 11 survivors (11264K)
 Metaspace       used 103391K, committed 104448K, reserved 557056K
  class space    used 14348K, committed 14848K, reserved 425984K
}
Event: 26.077 GC heap after
{Heap after GC invocations=52 (full 0):
 garbage-first heap   total 361472K, used 171946K [0x0000000080000000, 0x0000000100000000)
  region size 1024K, 10 young (10240K), 10 survivors (10240K)
 Metaspace       used 103391K, committed 104448K, reserved 557056K
  class space    used 14348K, committed 14848K, reserved 425984K
}
Event: 26.878 GC heap before
{Heap before GC invocations=52 (full 0):
 garbage-first heap   total 361472K, used 296874K [0x0000000080000000, 0x0000000100000000)
  region size 1024K, 125 young (128000K), 10 survivors (10240K)
 Metaspace       used 103600K, committed 104640K, reserved 557056K
  class space    used 14375K, committed 14848K, reserved 425984K
}
Event: 26.894 GC heap after
{Heap after GC invocations=53 (full 0):
 garbage-first heap   total 361472K, used 179016K [0x0000000080000000, 0x0000000100000000)
  region size 1024K, 7 young (7168K), 7 survivors (7168K)
 Metaspace       used 103600K, committed 104640K, reserved 557056K
  class space    used 14375K, committed 14848K, reserved 425984K
}
Event: 2392.108 GC heap before
{Heap before GC invocations=53 (full 0):
 garbage-first heap   total 361472K, used 302920K [0x0000000080000000, 0x0000000100000000)
  region size 1024K, 120 young (122880K), 7 survivors (7168K)
 Metaspace       used 106794K, committed 107840K, reserved 557056K
  class space    used 14698K, committed 15168K, reserved 425984K
}
Event: 2392.262 GC heap after
{Heap after GC invocations=54 (full 0):
 garbage-first heap   total 361472K, used 183200K [0x0000000080000000, 0x0000000100000000)
  region size 1024K, 11 young (11264K), 11 survivors (11264K)
 Metaspace       used 106794K, committed 107840K, reserved 557056K
  class space    used 14698K, committed 15168K, reserved 425984K
}

